       0.5          0    9.00196
     0.525          0    9.32108
       0.5    0.00025    9.00638
     0.525    0.00025    9.32373
    0.5375   0.000375    9.47855
    0.5625   0.000125    9.88839
   0.59375   6.25e-05    10.4524
   0.60625  0.0004375     10.679
  0.646875 0.00065625    11.3442
  0.703125 0.00034375    12.1634
  0.785938 0.000328125      13.15
  0.839063 0.000921875    13.6163
  0.961719 0.00135156    14.1894
   1.10078 0.00102344    13.9774
   1.27656 0.00204688    12.3997
  0.908594 0.000757813    14.0246
  0.769531 0.00108594    12.9904
   1.01797 0.00103906    14.2137
   1.07109 0.00163281    14.0999
   1.03047 0.00141406    14.1988
   1.08672 0.00110156    14.0416
  0.992969 0.00128906    14.2218
  0.980469 0.000914063    14.2145
  0.955469 0.00116406    14.1766
   1.00234 0.00107031     14.222
   1.01484 0.00144531    14.2159
   1.00625  0.0013125    14.2208
  0.989063 0.00104688    14.2203
   1.00195 0.00124609    14.2221
   1.01133 0.00102734    14.2185
  0.997559 0.00122363    14.2224
  0.997168 0.00139941    14.2224
  0.992773 0.00137695    14.2217
  0.999658 0.00127881    14.2224
  0.995068 0.00134424    14.2222
  0.998511 0.00129517    14.2224
  0.996216 0.00132788    14.2223
  0.997937 0.00130334    14.2224
   0.99679  0.0013197    14.2224
   0.99765 0.00130743    14.2224
  0.998041 0.00113165    14.2224
  0.997823 0.00119859    14.2224
  0.997386 0.00133247    14.2224
  0.997295 0.00124867    14.2224
  0.997383 0.00126336    14.2224
  0.997556 0.00115452    14.2224
  0.997381 0.00119425    14.2224
  0.997425  0.0012016    14.2224
  0.997253 0.00131044    14.2224
   0.99748  0.0011935    14.2224
